<?xml version="1.0" encoding="UTF-8"?>
<!-- Generated by org.testng.reporters.JUnitXMLReporter -->
<testsuite ignored="0" hostname="TomImDil" failures="0" tests="4" name="Default test" time="19.384" errors="0" timestamp="2026-04-15T12:50:24 EDT">
  <testcase classname="testscript.LoginTest" name="verifyTheUserIsAbleToLoginUsinginValidBoth" time="1.839"/>
  <testcase classname="testscript.LoginTest" name="verifyTheUserIsAbleToLoginUsingValidCred" time="1.326"/>
  <testcase classname="testscript.LoginTest" name="verifyTheUserIsAbleToLoginUsinginValidPswrd" time="0.274"/>
  <testcase classname="testscript.LoginTest" name="verifyTheUserIsAbleToLoginUsinginValidUser" time="1.312"/>
</testsuite> <!-- Default test -->
