<?xml version="1.0" encoding="UTF-8"?>
<!-- Generated by org.testng.reporters.JUnitXMLReporter -->
<testsuite ignored="0" hostname="TomImDil" failures="0" tests="4" name="Default test" time="22.652" errors="0" timestamp="2026-04-10T14:50:14 EDT">
  <testcase classname="testscript.Login" name="loginWithValid" time="2.502"/>
  <testcase classname="testscript.Login" name="loginWithInvalidPswd" time="3.426"/>
  <testcase classname="testscript.Login" name="loginWithInvalidUser" time="3.625"/>
  <testcase classname="testscript.Login" name="loginWithInvalid" time="3.198"/>
</testsuite> <!-- Default test -->
