<?xml version="1.0" encoding="UTF-8"?>
<!-- Generated by org.testng.reporters.JUnitXMLReporter -->
<testsuite ignored="2" hostname="TomImDil" failures="0" tests="2" name="Test" time="11.424" errors="0" timestamp="2026-04-24T16:34:57 EDT">
  <testcase classname="testscript.LoginTest" name="verifyTheUserIsAbleToLoginUsingValidCred" time="1.872"/>
  <testcase classname="testscript.LoginTest" name="verifyTheUserIsAbleToLoginUsingInValidUser" time="1.345"/>
  <testcase classname="testscript.LoginTest" name="verifyTheUserIsAbleToLoginUsingInValidBoth" time="0.0">
    <ignored/>
  </testcase> <!-- verifyTheUserIsAbleToLoginUsingInValidBoth -->
  <testcase classname="testscript.LoginTest" name="verifyTheUserIsAbleToLoginUsingInValidPswrd" time="0.0">
    <ignored/>
  </testcase> <!-- verifyTheUserIsAbleToLoginUsingInValidPswrd -->
</testsuite> <!-- Test -->
