<?xml version="1.0" encoding="UTF-8"?>
<testng-results ignored="3" total="4" passed="1" failed="0" skipped="0">
  <reporter-output>
  </reporter-output>
  <suite started-at="2026-04-20T21:38:13 EDT" name="Suite" finished-at="2026-04-20T21:38:18 EDT" duration-ms="5885">
    <groups>
    </groups>
    <test started-at="2026-04-20T21:38:13 EDT" name="Test" finished-at="2026-04-20T21:38:18 EDT" duration-ms="5885">
      <class name="testscript.LoginTest">
        <test-method is-config="true" signature="browserinitialization(java.lang.String)[pri:0, instance:testscript.LoginTest@13c9d689]" started-at="2026-04-20T21:38:13 EDT" name="browserinitialization" finished-at="2026-04-20T21:38:16 EDT" duration-ms="3699" status="PASS">
          <params>
            <param index="0">
              <value>
                <![CDATA[chrome]]>
              </value>
            </param>
          </params>
          <reporter-output>
          </reporter-output>
        </test-method> <!-- browserinitialization -->
        <test-method signature="verifyTheUserIsAbleToLoginUsingInValidUser()[pri:3, instance:testscript.LoginTest@13c9d689]" started-at="2026-04-20T21:38:16 EDT" name="verifyTheUserIsAbleToLoginUsingInValidUser" finished-at="2026-04-20T21:38:18 EDT" duration-ms="1899" status="PASS">
          <reporter-output>
          </reporter-output>
        </test-method> <!-- verifyTheUserIsAbleToLoginUsingInValidUser -->
        <test-method is-config="true" signature="browserCloseAndQuit()[pri:0, instance:testscript.LoginTest@13c9d689]" started-at="2026-04-20T21:38:18 EDT" name="browserCloseAndQuit" finished-at="2026-04-20T21:38:18 EDT" duration-ms="234" status="PASS">
          <reporter-output>
          </reporter-output>
        </test-method> <!-- browserCloseAndQuit -->
      </class> <!-- testscript.LoginTest -->
    </test> <!-- Test -->
  </suite> <!-- Suite -->
</testng-results>
