<?xml version="1.0" encoding="UTF-8"?>
<testng-results ignored="2" total="4" passed="2" failed="0" skipped="0">
  <reporter-output>
  </reporter-output>
  <suite started-at="2026-04-24T16:34:46 EDT" name="Suite" finished-at="2026-04-24T16:34:57 EDT" duration-ms="11424">
    <groups>
      <group name="regression">
        <method signature="LoginTest.verifyTheUserIsAbleToLoginUsingValidCred()[pri:1, instance:testscript.LoginTest@45752059]" name="verifyTheUserIsAbleToLoginUsingValidCred" class="testscript.LoginTest"/>
      </group> <!-- regression -->
    </groups>
    <test started-at="2026-04-24T16:34:46 EDT" name="Test" finished-at="2026-04-24T16:34:57 EDT" duration-ms="11424">
      <class name="testscript.LoginTest">
        <test-method is-config="true" signature="browserinitialization(java.lang.String)[pri:0, instance:testscript.LoginTest@45752059]" started-at="2026-04-24T16:34:46 EDT" name="browserinitialization" finished-at="2026-04-24T16:34:50 EDT" duration-ms="4442" status="PASS">
          <params>
            <param index="0">
              <value>
                <![CDATA[chrome]]>
              </value>
            </param>
          </params>
          <reporter-output>
          </reporter-output>
        </test-method> <!-- browserinitialization -->
        <test-method signature="verifyTheUserIsAbleToLoginUsingValidCred()[pri:1, instance:testscript.LoginTest@45752059]" started-at="2026-04-24T16:34:50 EDT" name="verifyTheUserIsAbleToLoginUsingValidCred" finished-at="2026-04-24T16:34:52 EDT" duration-ms="1872" status="PASS">
          <reporter-output>
          </reporter-output>
        </test-method> <!-- verifyTheUserIsAbleToLoginUsingValidCred -->
        <test-method is-config="true" signature="browserCloseAndQuit()[pri:0, instance:testscript.LoginTest@45752059]" started-at="2026-04-24T16:34:52 EDT" name="browserCloseAndQuit" finished-at="2026-04-24T16:34:52 EDT" duration-ms="235" status="PASS">
          <reporter-output>
          </reporter-output>
        </test-method> <!-- browserCloseAndQuit -->
        <test-method is-config="true" signature="browserinitialization(java.lang.String)[pri:0, instance:testscript.LoginTest@45752059]" started-at="2026-04-24T16:34:52 EDT" name="browserinitialization" finished-at="2026-04-24T16:34:56 EDT" duration-ms="3284" status="PASS">
          <params>
            <param index="0">
              <value>
                <![CDATA[chrome]]>
              </value>
            </param>
          </params>
          <reporter-output>
          </reporter-output>
        </test-method> <!-- browserinitialization -->
        <test-method signature="verifyTheUserIsAbleToLoginUsingInValidUser()[pri:3, instance:testscript.LoginTest@45752059]" started-at="2026-04-24T16:34:56 EDT" name="verifyTheUserIsAbleToLoginUsingInValidUser" finished-at="2026-04-24T16:34:57 EDT" duration-ms="1345" status="PASS">
          <reporter-output>
          </reporter-output>
        </test-method> <!-- verifyTheUserIsAbleToLoginUsingInValidUser -->
        <test-method is-config="true" signature="browserCloseAndQuit()[pri:0, instance:testscript.LoginTest@45752059]" started-at="2026-04-24T16:34:57 EDT" name="browserCloseAndQuit" finished-at="2026-04-24T16:34:57 EDT" duration-ms="194" status="PASS">
          <reporter-output>
          </reporter-output>
        </test-method> <!-- browserCloseAndQuit -->
      </class> <!-- testscript.LoginTest -->
    </test> <!-- Test -->
  </suite> <!-- Suite -->
</testng-results>
