<?xml version="1.0" encoding="UTF-8"?>
<!-- Generated by org.testng.reporters.JUnitReportReporter -->
<testsuite hostname="TomImDil" failures="0" tests="4" name="testscript.TC_001Login" time="25.079" errors="0" timestamp="2026-04-13T10:22:07 EDT" skipped="0">
  <testcase classname="testscript.TC_001Login" name="loginWithValid" time="5.769"/>
  <testcase classname="testscript.TC_001Login" name="loginWithInvalidPswd" time="4.282"/>
  <testcase classname="testscript.TC_001Login" name="loginWithInvalidUser" time="9.726"/>
  <testcase classname="testscript.TC_001Login" name="loginWithInvalid" time="5.302"/>
</testsuite> <!-- testscript.TC_001Login -->
