<?xml version="1.0" encoding="UTF-8"?>
<!-- Generated by org.testng.reporters.JUnitReportReporter -->
<testsuite hostname="TomImDil" failures="0" tests="4" name="testscript.Login" time="22.591" errors="0" timestamp="2026-04-10T14:50:15 EDT" skipped="0">
  <testcase classname="testscript.Login" name="loginWithValid" time="4.501"/>
  <testcase classname="testscript.Login" name="loginWithInvalidPswd" time="5.496"/>
  <testcase classname="testscript.Login" name="loginWithInvalidUser" time="6.953"/>
  <testcase classname="testscript.Login" name="loginWithInvalid" time="5.641"/>
</testsuite> <!-- testscript.Login -->
