<?xml version="1.0" encoding="UTF-8"?>
<!-- Generated by org.testng.reporters.JUnitReportReporter -->
<testsuite hostname="TomImDil" failures="0" tests="4" name="testscript.TC_001Login" time="21.409" errors="0" timestamp="2026-04-10T15:10:31 EDT" skipped="0">
  <testcase classname="testscript.TC_001Login" name="loginWithValid" time="6.089"/>
  <testcase classname="testscript.TC_001Login" name="loginWithInvalidPswd" time="4.776"/>
  <testcase classname="testscript.TC_001Login" name="loginWithInvalidUser" time="5.950"/>
  <testcase classname="testscript.TC_001Login" name="loginWithInvalid" time="4.594"/>
</testsuite> <!-- testscript.TC_001Login -->
