<?xml version="1.0" encoding="UTF-8"?>
<!-- Generated by org.testng.reporters.JUnitReportReporter -->
<testsuite hostname="TomImDil" failures="0" tests="4" name="testscript.LoginTest" time="19.317" errors="0" timestamp="2026-04-15T12:50:24 EDT" skipped="0">
  <testcase classname="testscript.LoginTest" name="verifyTheUserIsAbleToLoginUsinginValidBoth" time="5.561"/>
  <testcase classname="testscript.LoginTest" name="verifyTheUserIsAbleToLoginUsingValidCred" time="5.504"/>
  <testcase classname="testscript.LoginTest" name="verifyTheUserIsAbleToLoginUsinginValidPswrd" time="3.677"/>
  <testcase classname="testscript.LoginTest" name="verifyTheUserIsAbleToLoginUsinginValidUser" time="4.575"/>
</testsuite> <!-- testscript.LoginTest -->
