<?xml version="1.0" encoding="UTF-8"?>
<!-- Generated by org.testng.reporters.JUnitReportReporter -->
<testsuite hostname="TomImDil" failures="0" tests="2" name="testscript.LoginTest" time="11.372" errors="0" timestamp="2026-04-24T16:34:57 EDT" skipped="0">
  <testcase classname="testscript.LoginTest" name="verifyTheUserIsAbleToLoginUsingValidCred" time="6.508"/>
  <testcase classname="testscript.LoginTest" name="verifyTheUserIsAbleToLoginUsingInValidUser" time="4.864"/>
</testsuite> <!-- testscript.LoginTest -->
